<?xml version="1.0" encoding="UTF-8"?>
<!-- Generated by org.testng.reporters.JUnitReportReporter -->
<testsuite hostname="DESKTOP-E75EO5A" name="videoyiTestCase.MemberManagerTest" tests="5" failures="0" timestamp="7 Mar 2018 07:23:13 GMT" time="40.106" errors="0">
  <testcase name="testDeleteMemberCancel" time="3.123" classname="videoyiTestCase.MemberManagerTest"/>
  <testcase name="testMemberManager" time="4.202" classname="videoyiTestCase.MemberManagerTest"/>
  <testcase name="testCreateMember" time="16.183" classname="videoyiTestCase.MemberManagerTest"/>
  <testcase name="testEditMember" time="13.349" classname="videoyiTestCase.MemberManagerTest"/>
  <testcase name="testSearchMember" time="3.249" classname="videoyiTestCase.MemberManagerTest"/>
</testsuite> <!-- videoyiTestCase.MemberManagerTest -->
