<?xml version="1.0" encoding="UTF-8"?>
<!-- Generated by org.testng.reporters.JUnitReportReporter -->
<testsuite hostname="DESKTOP-E75EO5A" name="videoyiTestCase.VideoyiLoginTest" tests="1" failures="0" timestamp="7 Mar 2018 07:23:13 GMT" time="8.016" errors="0">
  <testcase name="testVideoyiLogin" time="8.016" classname="videoyiTestCase.VideoyiLoginTest"/>
</testsuite> <!-- videoyiTestCase.VideoyiLoginTest -->
